## Workflow Complete ✅

**Ticket pt-3rza** has been successfully implemented and closed.

### Summary

Implemented the knowledge topic index loader for the UI with the following features:

**Core Implementation** (`tf_cli/ui.py`):
- `TopicIndexLoader` class - Loads and queries topics from `index.json`
- `Topic` / `TopicDoc` dataclasses - Type-safe topic representation
- `TopicBrowser` widget - Interactive Textual UI for browsing topics
- Tabbed interface with Topics and Tickets tabs
- Real-time search by title, keywords, or ID
- Grouped by type (seed/spike/plan/baseline)
- Friendly error messages for missing/invalid index

**Tests** (`tests/test_topic_loader.py`):
- 38 comprehensive unit tests
- All 810 tests pass

### Acceptance Criteria
- ✅ Topics can be listed and filtered by type
- ✅ Doc paths resolved (overview/sources/plan/backlog) with existence checking
- ✅ Missing/invalid index.json yields friendly UI message

### Artifacts
| Artifact | Location |
|----------|----------|
| Research | `.tf/knowledge/tickets/pt-3rza/research.md` |
| Implementation | `.tf/knowledge/tickets/pt-3rza/implementation.md` |
| Review | `.tf/knowledge/tickets/pt-3rza/review.md` |
| Close Summary | `.tf/knowledge/tickets/pt-3rza/close-summary.md` |
| Chain Summary | `.tf/knowledge/tickets/pt-3rza/chain-summary.md` |

### Commit
`833bd42` pt-3rza: Implement knowledge topic index loader for UI

### Files Changed
- `tf_cli/ui.py` (+380 lines)
- `tests/test_topic_loader.py` (new, 38 tests)
