## Ticket pt-9sx3 Complete ✅

**Summary:** Successfully implemented the Textual UI MVP with Kanban-style board layout.

### What Was Done

1. **Re-Anchor Context** - Loaded ticket details, explored existing codebase
2. **Research** - Minimal stub (using existing infrastructure)
3. **Implement** - Built `TicketBoard` widget with:
   - 4 Kanban columns (Ready, Blocked, In Progress, Closed)
   - Read-only ticket detail panel
   - Refresh functionality with `r` key
4. **Review** - Identified 3 minor issues
5. **Fix** - Applied fixes for all minor issues
6. **Close** - Committed and closed ticket

### Key Changes
- **File:** `tf_cli/ui.py` (+259 lines, -10 lines)

### Verification
- ✅ Syntax check passed
- ✅ Import check passed  
- ✅ 79 unit tests passed
- ✅ All acceptance criteria met

### Commit
```
d69ae89 pt-9sx3: Implement Textual UI MVP with Kanban board
```

The app now shows a functional Kanban board in the Tickets tab with keyboard navigation (`r` to refresh, `q` to quit) and clean terminal exit handling via Textual's built-in mechanisms.
