
changed 1 package in 762ms
## Workflow Complete ✅

**Ticket:** `pt-igly` - Demo: TF workflow implementation test

**Status:** CLOSED

### Summary

Successfully executed the full TF workflow:

| Step | Status |
|------|--------|
| Re-Anchor Context | ✅ Loaded AGENTS.md, ticket details, existing artifacts |
| Research | ⏭️ Skipped (used existing implementation) |
| Implement | ✅ Refactored to use TicketLoader |
| Parallel Reviews | ✅ 3 reviewers (2 completed) |
| Merge Reviews | ✅ Consolidated 1 Critical, 3 Major, 4 Minor issues |
| Fix Issues | ✅ All Critical/Major fixed |
| Close Ticket | ✅ Committed and closed |

### Changes Made

- **`tf_cli/workflow_status.py`**: Refactored to use `TicketLoader` instead of duplicating parsing logic, renamed `recent_closed` → `total_closed`
- **`tests/test_workflow_status.py`**: New test file with 14 test cases

### Commit
`46c2112` - pt-igly: Refactor workflow status to use TicketLoader, add tests

### Artifacts
All artifacts written to `.tf/knowledge/tickets/pt-igly/`:
- `implementation.md`
- `review.md` (merged)
- `fixes.md`
- `close-summary.md`
- `files_changed.txt`

<promise>TICKET_pt-igly_COMPLETE</promise>
