## Workflow Complete: pt-im9d

**Ticket:** Add tests for Ralph lessons learned persistence to AGENTS.md

**Status:** ✅ COMPLETE (closed)

### Summary

Implemented 11 comprehensive unit tests in `tests/test_ralph_state.py` that verify the `update_state()` function correctly handles:

1. **First lesson creation** - Creates `.tf/ralph/AGENTS.md` with template + appended lesson
2. **Second lesson appending** - Appends without overwriting existing lessons
3. **No lessons handling** - AGENTS.md unchanged/not created when no Lessons Learned section exists

### Review & Fixes

| Severity | Count | Fixed |
|----------|-------|-------|
| Critical | 0 | - |
| Major | 0 | - |
| Minor | 2 | ✅ |
| Warnings | 0 | - |

**Fixes applied:**
- Removed unused imports (`MagicMock`, `patch`)
- Corrected test docstring to match actual test coverage

### Test Results
```
============================== 11 passed in 0.25s ===============================
```

**Commit:** `949d67ff269b9d1c5c40d22b5f5832acb7b16ff8`
