## Workflow Complete ✅

**Ticket:** `pt-oebr` - Update tf ralph docs/help text to remove pi --session mention

### Summary
Successfully updated documentation and help text to remove obsolete `--session` parameter mentions after the session forwarding was removed in pt-ihfv.

### Changes Made
| File | Change |
|------|--------|
| `docs/ralph.md` | Removed `sessionPerTicket` from config table, updated session storage section |
| `tf_cli/ralph.py` | Removed `sessionPerTicket` from DEFAULTS dictionary |

### Verification
- ✅ 82 tests passed
- ✅ Help text verified: no `--session` forwarding mentioned  
- ✅ No `sessionPerTicket` references remain in codebase

### Artifacts Created
- `.tf/knowledge/tickets/pt-oebr/implementation.md`
- `.tf/knowledge/tickets/pt-oebr/review.md` (consolidated)
- `.tf/knowledge/tickets/pt-oebr/fixes.md`
- `.tf/knowledge/tickets/pt-oebr/close-summary.md`

### Actions Completed
- Commit: `75eb0c9`
- Ticket note added
- Ticket closed
- Ralph progress updated

<promise>TICKET_pt-oebr_COMPLETE</promise>
