## Workflow Complete: pt-oyjt

**Status:** CLOSED ✅

### Summary
Added 5 action methods to `TicketflowApp` that delegate to `TopicBrowser` for document opening keyboard shortcuts (`o`, `1`, `2`, `3`, `4`).

### Changes Made
- **`tf_cli/ui.py`** - Added 25 lines:
  - `action_open_doc()` - opens first available document (key 'o')
  - `action_open_overview()` - opens overview doc (key '1')
  - `action_open_sources()` - opens sources doc (key '2')
  - `action_open_plan()` - opens plan doc (key '3')
  - `action_open_backlog()` - opens backlog doc (key '4')

### Quality Checks
- Syntax validation: ✅ PASSED
- UI smoke tests (14 tests): ✅ ALL PASSED

### Commit
```
fbe1fdc pt-oyjt: Add action methods to TicketflowApp for document opening keys
```

### Review Summary
| Severity | Count |
|----------|-------|
| Critical | 0 |
| Major | 0 |
| Minor | 1 |
| Warnings | 0 |
| Suggestions | 2 |

### Artifacts
Written to `.tf/knowledge/tickets/pt-oyjt/`:
- `implementation.md` - Implementation details
- `review.md` - Review findings
- `fixes.md` - Fix decisions
- `close-summary.md` - Final summary
- `files_changed.txt` - Changed files list
- `ticket_id.txt` - Ticket ID

<promise>TICKET_pt-oyjt_COMPLETE</promise>
