## Workflow Summary: pt-u3vz

Ticket **pt-u3vz** has already been **completed and closed**. Here's the status:

### Implementation ✅
- **File created**: `tests/test_ralph_progress_total.py` (405 lines, 7 test cases)
- **Commit**: `34c5dea`

### Test Results ✅
```
7 passed in 0.86s
```

### Acceptance Criteria
| Criterion | Status |
|-----------|--------|
| Tests fail if `[*/50]` appears incorrectly | ✅ |
| No shelling out to `pi`; uses mocks | ✅ |
| `pytest` passes locally | ✅ (7/7 new + 104/104 existing) |

### Artifacts Generated
| Artifact | Path |
|----------|------|
| Research | `.tf/knowledge/tickets/pt-u3vz/research.md` |
| Implementation | `.tf/knowledge/tickets/pt-u3vz/implementation.md` |
| Review | `.tf/knowledge/tickets/pt-u3vz/review.md` |
| Fixes | `.tf/knowledge/tickets/pt-u3vz/fixes.md` |
| Close Summary | `.tf/knowledge/tickets/pt-u3vz/close-summary.md` |
| Chain Summary | `.tf/knowledge/tickets/pt-u3vz/chain-summary.md` |

### Quality Metrics
- Critical Issues: 0
- Major Issues: 0
- Minor Issues: 0

The ticket workflow has already been fully executed. All tests pass and the implementation prevents regression of the progress total bug (showing `[*/50]` instead of the actual ready ticket count).
