## Ticket pt-yx8a Complete ✓

**Decision Record: Timestamp Format for Ralph `--progress` Output**

### Decisions Made

| Aspect | Decision |
|--------|----------|
| **Format** | `HH:MM:SS` (local time, 24-hour) |
| **Placement** | Prefix before `[i/total]` counter |
| **Scope** | Both start AND completion lines |
| **TTY vs Non-TTY** | Same format; existing control character logic handles modes |

### Example Output
```
14:32:05 [1/5] Processing pt-abc123...
14:32:05 [1/5] ✓ pt-abc123 complete
14:35:22 [2/5] Processing pt-def456...
```

### Artifacts Created
- `.tf/knowledge/tickets/pt-yx8a/research.md` - Implementation analysis
- `.tf/knowledge/tickets/pt-yx8a/implementation.md` - Decision record with implementation guidance for pt-d68t
- `.tf/knowledge/tickets/pt-yx8a/review.md` - Review summary (0 issues)
- `.tf/knowledge/tickets/pt-yx8a/fixes.md` - No fixes needed
- `.tf/knowledge/tickets/pt-yx8a/close-summary.md` - Final summary

### Status
- Ticket closed ✓
- Progress updated ✓
- Unblocks pt-d68t for implementation ✓
